VoxelCraft/android/app/build/intermediates/manifest_merge_blame_file/release/manifest-merger-blame-release-report.txt
1<?xml version="1.0" encoding="utf-8"?>
2<manifest xmlns:android="http://schemas.android.com/apk/res/android"
3    package="com.pulotige.voxelcraft"
4    android:versionCode="8"
5    android:versionName="1.0.8" >
6
7    <uses-sdk
8        android:minSdkVersion="26"
9        android:targetSdkVersion="34" />
10
11    <uses-permission android:name="android.permission.INTERNET" />
11-->src/main/AndroidManifest.xml:4:5-67
11-->src/main/AndroidManifest.xml:4:22-64
12
13    <!-- OpenGL ES 3.0 -->
14    <uses-feature
14-->src/main/AndroidManifest.xml:7:5-79
15        android:glEsVersion="0x00030000"
15-->src/main/AndroidManifest.xml:7:19-51
16        android:required="false" />
16-->src/main/AndroidManifest.xml:7:52-76
17
18    <!-- Vulkan optional -->
19    <uses-feature
19-->src/main/AndroidManifest.xml:10:5-91
20        android:name="android.hardware.vulkan.level"
20-->src/main/AndroidManifest.xml:10:19-63
21        android:required="false" />
21-->src/main/AndroidManifest.xml:10:64-88
22
23    <application
23-->src/main/AndroidManifest.xml:12:5-40:19
24        android:allowBackup="true"
24-->src/main/AndroidManifest.xml:13:9-35
25        android:extractNativeLibs="true"
25-->src/main/AndroidManifest.xml:20:9-41
26        android:hasCode="false"
26-->src/main/AndroidManifest.xml:19:9-32
27        android:icon="@mipmap/ic_launcher"
27-->src/main/AndroidManifest.xml:14:9-43
28        android:label="@string/app_name"
28-->src/main/AndroidManifest.xml:15:9-41
29        android:roundIcon="@mipmap/ic_launcher_round"
29-->src/main/AndroidManifest.xml:16:9-54
30        android:supportsRtl="true"
30-->src/main/AndroidManifest.xml:17:9-35
31        android:theme="@android:style/Theme.NoTitleBar.Fullscreen" >
31-->src/main/AndroidManifest.xml:18:9-67
32
33        <!-- GameActivity from android-activity crate -->
34        <activity
34-->src/main/AndroidManifest.xml:23:9-39:20
35            android:name="android.app.NativeActivity"
35-->src/main/AndroidManifest.xml:24:13-54
36            android:configChanges="orientation|keyboardHidden|screenSize|screenLayout|smallestScreenSize|uiMode|density"
36-->src/main/AndroidManifest.xml:26:13-121
37            android:exported="true"
37-->src/main/AndroidManifest.xml:25:13-36
38            android:hardwareAccelerated="true"
38-->src/main/AndroidManifest.xml:29:13-47
39            android:launchMode="singleTask"
39-->src/main/AndroidManifest.xml:28:13-44
40            android:screenOrientation="userLandscape" >
40-->src/main/AndroidManifest.xml:27:13-54
41            <meta-data
41-->src/main/AndroidManifest.xml:31:13-33:46
42                android:name="android.app.lib_name"
42-->src/main/AndroidManifest.xml:32:17-52
43                android:value="voxelcraft" />
43-->src/main/AndroidManifest.xml:33:17-43
44
45            <intent-filter>
45-->src/main/AndroidManifest.xml:35:13-38:29
46                <action android:name="android.intent.action.MAIN" />
46-->src/main/AndroidManifest.xml:36:17-69
46-->src/main/AndroidManifest.xml:36:25-66
47
48                <category android:name="android.intent.category.LAUNCHER" />
48-->src/main/AndroidManifest.xml:37:17-77
48-->src/main/AndroidManifest.xml:37:27-74
49            </intent-filter>
50        </activity>
51    </application>
52
53</manifest>